/home/plohigorry/.conda/envs/tesis/lib/python3.6/site-packages/pyart/config.py:22: DeprecationWarning: the imp module is deprecated in favour of importlib; see the module's documentation for alternative uses
  import imp
ID, DATE , NFILES
Calculando para radio  100.0  y dz  250.0
87585 , 2013040212 , 127
87553 , 2013040212 , 127
87553 , 2013040206 , 92
87593 , 2013040300 , 141
Calculando para radio  100.0  y dz  500.0
87585 , 2013040212 , 127
87553 , 2013040212 , 127
87553 , 2013040206 , 92
87593 , 2013040300 , 141
Calculando para radio  100.0  y dz  1000.0
87585 , 2013040212 , 127
87553 , 2013040212 , 127
87553 , 2013040206 , 92
87593 , 2013040300 , 141
Calculando para radio  100.0  y dz  2000.0
87585 , 2013040212 , 127
87553 , 2013040212 , 127
87553 , 2013040206 , 92
87593 , 2013040300 , 141
Calculando para radio  250.0  y dz  250.0
87585 , 2013040212 , 127
87553 , 2013040212 , 127
87553 , 2013040206 , 92
87593 , 2013040300 , 141
Calculando para radio  250.0  y dz  500.0
87585 , 2013040212 , 127
87553 , 2013040212 , 127
87553 , 2013040206 , 92
87593 , 2013040300 , 141
Calculando para radio  250.0  y dz  1000.0
87585 , 2013040212 , 127
87553 , 2013040212 , 127
87553 , 2013040206 , 92
87593 , 2013040300 , 141
Calculando para radio  250.0  y dz  2000.0
87585 , 2013040212 , 127
87553 , 2013040212 , 127
87553 , 2013040206 , 92
87593 , 2013040300 , 141
Calculando para radio  500.0  y dz  250.0
87585 , 2013040212 , 127
87553 , 2013040212 , 127
87553 , 2013040206 , 92
87593 , 2013040300 , 141
Calculando para radio  500.0  y dz  500.0
87585 , 2013040212 , 127
87553 , 2013040212 , 127
87553 , 2013040206 , 92
87593 , 2013040300 , 141
Calculando para radio  500.0  y dz  1000.0
87585 , 2013040212 , 127
87553 , 2013040212 , 127
87553 , 2013040206 , 92
87593 , 2013040300 , 141
Calculando para radio  500.0  y dz  2000.0
87585 , 2013040212 , 127
87553 , 2013040212 , 127
87553 , 2013040206 , 92
87593 , 2013040300 , 141
Calculando para radio  1000.0  y dz  250.0
87585 , 2013040212 , 127
87553 , 2013040212 , 127
87553 , 2013040206 , 92
87593 , 2013040300 , 141
Calculando para radio  1000.0  y dz  500.0
87585 , 2013040212 , 127
87553 , 2013040212 , 127
87553 , 2013040206 , 92
87593 , 2013040300 , 141
Calculando para radio  1000.0  y dz  1000.0
87585 , 2013040212 , 127
87553 , 2013040212 , 127
87553 , 2013040206 , 92
87593 , 2013040300 , 141
Calculando para radio  1000.0  y dz  2000.0
87585 , 2013040212 , 127
87553 , 2013040212 , 127
87553 , 2013040206 , 92
87593 , 2013040300 , 141
Calculando para radio  2500.0  y dz  250.0
87585 , 2013040212 , 127
87553 , 2013040212 , 127
87553 , 2013040206 , 92
87593 , 2013040300 , 141
Calculando para radio  2500.0  y dz  500.0
87585 , 2013040212 , 127
87553 , 2013040212 , 127
87553 , 2013040206 , 92
87593 , 2013040300 , 141
Calculando para radio  2500.0  y dz  1000.0
87585 , 2013040212 , 127
87553 , 2013040212 , 127
87553 , 2013040206 , 92
87593 , 2013040300 , 141
Calculando para radio  2500.0  y dz  2000.0
87585 , 2013040212 , 127
87553 , 2013040212 , 127
87553 , 2013040206 , 92
87593 , 2013040300 , 141
Calculando para radio  5000.0  y dz  250.0
87585 , 2013040212 , 127
87553 , 2013040212 , 127
87553 , 2013040206 , 92
87593 , 2013040300 , 141
Calculando para radio  5000.0  y dz  500.0
87585 , 2013040212 , 127
87553 , 2013040212 , 127
87553 , 2013040206 , 92
87593 , 2013040300 , 141
Calculando para radio  5000.0  y dz  1000.0
87585 , 2013040212 , 127
87553 , 2013040212 , 127
87553 , 2013040206 , 92
87593 , 2013040300 , 141
Calculando para radio  5000.0  y dz  2000.0
87585 , 2013040212 , 127
87553 , 2013040212 , 127
87553 , 2013040206 , 92
87593 , 2013040300 , 141
Calculando para radio  10000.0  y dz  250.0
87585 , 2013040212 , 127
87553 , 2013040212 , 127
87553 , 2013040206 , 92
87593 , 2013040300 , 141
Calculando para radio  10000.0  y dz  500.0
87585 , 2013040212 , 127
87553 , 2013040212 , 127
87553 , 2013040206 , 92
87593 , 2013040300 , 141
Calculando para radio  10000.0  y dz  1000.0
87585 , 2013040212 , 127
87553 , 2013040212 , 127
87553 , 2013040206 , 92
87593 , 2013040300 , 141
Calculando para radio  10000.0  y dz  2000.0
87585 , 2013040212 , 127
87553 , 2013040212 , 127
87553 , 2013040206 , 92
87593 , 2013040300 , 141
/home/plohigorry/.conda/envs/tesis/lib/python3.6/site-packages/pyart/config.py:22: DeprecationWarning: the imp module is deprecated in favour of importlib; see the module's documentation for alternative uses
  import imp
ID, DATE , NFILES
Calculando para radio  100.0  y dz  250.0
87585 , 2013040212 , 127
87553 , 2013040212 , 127
87553 , 2013040206 , 92
87593 , 2013040300 , 141
Calculando para radio  100.0  y dz  500.0
87585 , 2013040212 , 127
87553 , 2013040212 , 127
87553 , 2013040206 , 92
87593 , 2013040300 , 141
Calculando para radio  100.0  y dz  1000.0
87585 , 2013040212 , 127
87553 , 2013040212 , 127
87553 , 2013040206 , 92
87593 , 2013040300 , 141
Calculando para radio  100.0  y dz  2000.0
87585 , 2013040212 , 127
87553 , 2013040212 , 127
87553 , 2013040206 , 92
87593 , 2013040300 , 141
Calculando para radio  250.0  y dz  250.0
87585 , 2013040212 , 127
87553 , 2013040212 , 127
87553 , 2013040206 , 92
87593 , 2013040300 , 141
Calculando para radio  250.0  y dz  500.0
87585 , 2013040212 , 127
87553 , 2013040212 , 127
87553 , 2013040206 , 92
87593 , 2013040300 , 141
Calculando para radio  250.0  y dz  1000.0
87585 , 2013040212 , 127
87553 , 2013040212 , 127
87553 , 2013040206 , 92
87593 , 2013040300 , 141
Calculando para radio  250.0  y dz  2000.0
87585 , 2013040212 , 127
87553 , 2013040212 , 127
87553 , 2013040206 , 92
87593 , 2013040300 , 141
Calculando para radio  500.0  y dz  250.0
87585 , 2013040212 , 127
87553 , 2013040212 , 127
87553 , 2013040206 , 92
87593 , 2013040300 , 141
Calculando para radio  500.0  y dz  500.0
87585 , 2013040212 , 127
87553 , 2013040212 , 127
87553 , 2013040206 , 92
87593 , 2013040300 , 141
Calculando para radio  500.0  y dz  1000.0
87585 , 2013040212 , 127
87553 , 2013040212 , 127
87553 , 2013040206 , 92
87593 , 2013040300 , 141
Calculando para radio  500.0  y dz  2000.0
87585 , 2013040212 , 127
87553 , 2013040212 , 127
87553 , 2013040206 , 92
87593 , 2013040300 , 141
Calculando para radio  1000.0  y dz  250.0
87585 , 2013040212 , 127
87553 , 2013040212 , 127
87553 , 2013040206 , 92
87593 , 2013040300 , 141
Calculando para radio  1000.0  y dz  500.0
87585 , 2013040212 , 127
87553 , 2013040212 , 127
87553 , 2013040206 , 92
87593 , 2013040300 , 141
Calculando para radio  1000.0  y dz  1000.0
87585 , 2013040212 , 127
87553 , 2013040212 , 127
87553 , 2013040206 , 92
87593 , 2013040300 , 141
Calculando para radio  1000.0  y dz  2000.0
87585 , 2013040212 , 127
87553 , 2013040212 , 127
87553 , 2013040206 , 92
87593 , 2013040300 , 141
Calculando para radio  2500.0  y dz  250.0
87585 , 2013040212 , 127
87553 , 2013040212 , 127
87553 , 2013040206 , 92
87593 , 2013040300 , 141
Calculando para radio  2500.0  y dz  500.0
87585 , 2013040212 , 127
87553 , 2013040212 , 127
87553 , 2013040206 , 92
87593 , 2013040300 , 141
Calculando para radio  2500.0  y dz  1000.0
87585 , 2013040212 , 127
87553 , 2013040212 , 127
87553 , 2013040206 , 92
87593 , 2013040300 , 141
Calculando para radio  2500.0  y dz  2000.0
87585 , 2013040212 , 127
87553 , 2013040212 , 127
87553 , 2013040206 , 92
87593 , 2013040300 , 141
Calculando para radio  5000.0  y dz  250.0
87585 , 2013040212 , 127
87553 , 2013040212 , 127
87553 , 2013040206 , 92
87593 , 2013040300 , 141
Calculando para radio  5000.0  y dz  500.0
87585 , 2013040212 , 127
87553 , 2013040212 , 127
87553 , 2013040206 , 92
87593 , 2013040300 , 141
Calculando para radio  5000.0  y dz  1000.0
87585 , 2013040212 , 127
87553 , 2013040212 , 127
87553 , 2013040206 , 92
87593 , 2013040300 , 141
Calculando para radio  5000.0  y dz  2000.0
87585 , 2013040212 , 127
87553 , 2013040212 , 127
87553 , 2013040206 , 92
87593 , 2013040300 , 141
Calculando para radio  10000.0  y dz  250.0
87585 , 2013040212 , 127
87553 , 2013040212 , 127
87553 , 2013040206 , 92
87593 , 2013040300 , 141
Calculando para radio  10000.0  y dz  500.0
87585 , 2013040212 , 127
87553 , 2013040212 , 127
87553 , 2013040206 , 92
87593 , 2013040300 , 141
Calculando para radio  10000.0  y dz  1000.0
87585 , 2013040212 , 127
87553 , 2013040212 , 127
87553 , 2013040206 , 92
87593 , 2013040300 , 141
Calculando para radio  10000.0  y dz  2000.0
87585 , 2013040212 , 127
87553 , 2013040212 , 127
87553 , 2013040206 , 92
87593 , 2013040300 , 141
